<?xml version="1.0" encoding="UTF-8"?>
<testsuite xmlns:xsi="http://www.w3.org/2001/XMLSchema-instance" xsi:noNamespaceSchemaLocation="https://maven.apache.org/surefire/maven-surefire-plugin/xsd/surefire-test-report-3.0.xsd" version="3.0" name="com.dcp.portone.repository.OrgRepositoryTest" time="0.291" tests="1" errors="0" skipped="0" failures="0">
  <properties>
[...]
</properties>
  <testcase name="saveOrg" classname="com.dcp.portone.repository.OrgRepositoryTest" time="0.255">
    <system-out><![CDATA[2023-10-19T17:39:16.418-05:00  INFO 34692 --- [           main] t.c.s.AnnotationConfigContextLoaderUtils : Could not detect default configuration classes for test class [com.dcp.portone.repository.OrgRepositoryTest]: OrgRepositoryTest does not declare any static, non-private, non-final, nested classes annotated with @Configuration.
2023-10-19T17:39:16.440-05:00  INFO 34692 --- [           main] .b.t.c.SpringBootTestContextBootstrapper : Found @SpringBootConfiguration com.dcp.portone.PortoneApplication for test class com.dcp.portone.repository.OrgRepositoryTest
Hibernate: 
    select
        nextval('org_seq')
Hibernate: 
    select
        nextval('emp_seq')
Hibernate: 
    insert 
    into
        org
        (location,name,id) 
    values
        (?,?,?)
Hibernate: 
    insert 
    into
        emp
        (emp_name,org_id,salary,id) 
    values
        (?,?,?,?)
Hibernate: 
    insert 
    into
        emp
        (emp_name,org_id,salary,id) 
    values
        (?,?,?,?)
Hibernate: 
    insert 
    into
        emp
        (emp_name,org_id,salary,id) 
    values
        (?,?,?,?)
Hibernate: 
    update
        emp 
    set
        org_id=? 
    where
        id=?
Hibernate: 
    update
        emp 
    set
        org_id=? 
    where
        id=?
Hibernate: 
    update
        emp 
    set
        org_id=? 
    where
        id=?
]]></system-out>
  </testcase>
</testsuite>