<?xml version="1.0" encoding="UTF-8"?>
<testsuite xmlns:xsi="http://www.w3.org/2001/XMLSchema-instance" xsi:noNamespaceSchemaLocation="https://maven.apache.org/surefire/maven-surefire-plugin/xsd/surefire-test-report-3.0.xsd" version="3.0" name="com.dcp.portone.designpatterns.SingletonTest" time="8.957" tests="3" errors="0" skipped="0" failures="0">
  <properties>
[...]
</properties>
  <testcase name="addMoneyTest" classname="com.dcp.portone.designpatterns.SingletonTest" time="0.055">
    <system-out><![CDATA[17:39:02.921 [main] INFO org.springframework.test.context.support.AnnotationConfigContextLoaderUtils -- Could not detect default configuration classes for test class [com.dcp.portone.designpatterns.SingletonTest]: SingletonTest does not declare any static, non-private, non-final, nested classes annotated with @Configuration.
17:39:03.066 [main] INFO org.springframework.boot.test.context.SpringBootTestContextBootstrapper -- Found @SpringBootConfiguration com.dcp.portone.PortoneApplication for test class com.dcp.portone.designpatterns.SingletonTest

  .   ____          _            __ _ _
 /\\ / ___'_ __ _ _(_)_ __  __ _ \ \ \ \
( ( )\___ | '_ | '_| | '_ \/ _` | \ \ \ \
 \\/  ___)| |_)| | | | | || (_| |  ) ) ) )
  '  |____| .__|_| |_|_| |_\__, | / / / /
 =========|_|==============|___/=/_/_/_/
 :: Spring Boot ::                (v3.1.1)

2023-10-19T17:39:03.424-05:00  INFO 34692 --- [           main] c.d.p.designpatterns.SingletonTest       : Starting SingletonTest using Java 17.0.1 with PID 34692 (started by akhil in C:\iitm\portone)
2023-10-19T17:39:03.426-05:00  INFO 34692 --- [           main] c.d.p.designpatterns.SingletonTest       : No active profile set, falling back to 1 default profile: "default"
2023-10-19T17:39:04.500-05:00  INFO 34692 --- [           main] .s.d.r.c.RepositoryConfigurationDelegate : Bootstrapping Spring Data JPA repositories in DEFAULT mode.
2023-10-19T17:39:04.593-05:00  INFO 34692 --- [           main] .s.d.r.c.RepositoryConfigurationDelegate : Finished Spring Data repository scanning in 83 ms. Found 7 JPA repository interfaces.
2023-10-19T17:39:05.291-05:00  INFO 34692 --- [           main] o.hibernate.jpa.internal.util.LogHelper  : HHH000204: Processing PersistenceUnitInfo [name: default]
2023-10-19T17:39:05.378-05:00  INFO 34692 --- [           main] org.hibernate.Version                    : HHH000412: Hibernate ORM core version 6.2.5.Final
2023-10-19T17:39:05.381-05:00  INFO 34692 --- [           main] org.hibernate.cfg.Environment            : HHH000406: Using bytecode reflection optimizer
2023-10-19T17:39:05.696-05:00  INFO 34692 --- [           main] o.h.b.i.BytecodeProviderInitiator        : HHH000021: Bytecode provider name : bytebuddy
2023-10-19T17:39:06.013-05:00  INFO 34692 --- [           main] o.s.o.j.p.SpringPersistenceUnitInfo      : No LoadTimeWeaver setup: ignoring JPA class transformer
2023-10-19T17:39:06.050-05:00  INFO 34692 --- [           main] com.zaxxer.hikari.HikariDataSource       : HikariPool-1 - Starting...
2023-10-19T17:39:06.527-05:00  INFO 34692 --- [           main] com.zaxxer.hikari.pool.HikariPool        : HikariPool-1 - Added connection org.postgresql.jdbc.PgConnection@29d2fa84
2023-10-19T17:39:06.530-05:00  INFO 34692 --- [           main] com.zaxxer.hikari.HikariDataSource       : HikariPool-1 - Start completed.
2023-10-19T17:39:07.055-05:00  INFO 34692 --- [           main] o.h.b.i.BytecodeProviderInitiator        : HHH000021: Bytecode provider name : bytebuddy
2023-10-19T17:39:08.242-05:00  INFO 34692 --- [           main] o.h.e.t.j.p.i.JtaPlatformInitiator       : HHH000490: Using JtaPlatform implementation: [org.hibernate.engine.transaction.jta.platform.internal.NoJtaPlatform]
Hibernate: 
    alter table if exists products 
       alter column cost set data type float4
Hibernate: 
    alter table if exists products 
       alter column price set data type float4
Hibernate: 
    alter table if exists products 
       alter column quantity set data type float4
2023-10-19T17:39:08.389-05:00  INFO 34692 --- [           main] j.LocalContainerEntityManagerFactoryBean : Initialized JPA EntityManagerFactory for persistence unit 'default'
Name of the Inst : IITM
	Name of the Dept : CSE
		Names of the Classroom			Type
                          CSE1          LECTURE 
                          CSE2             DEMO 
			Names of the Prof 			Rank		Subject
                         Larry          JUNIOR           CT
                          Paul          SENIOR           CT
				Name of the Student 			  Group
                             Rahul                CSE
                            Prabhu                CSE
	Name of the Dept : Mech
		Names of the Classroom			Type
                         Mech1          LECTURE 
                         Mech2              LAB 
			Names of the Prof 			Rank		Subject
                           Tim            DEAN       Design
				Name of the Student 			  Group
                             Geeta               Mech
                            Vineet               Mech
2023-10-19T17:39:09.474-05:00  WARN 34692 --- [           main] JpaBaseConfiguration$JpaWebConfiguration : spring.jpa.open-in-view is enabled by default. Therefore, database queries may be performed during view rendering. Explicitly configure spring.jpa.open-in-view to disable this warning
2023-10-19T17:39:10.653-05:00  INFO 34692 --- [           main] o.s.b.t.m.w.SpringBootMockServletContext : Initializing Spring TestDispatcherServlet ''
2023-10-19T17:39:10.654-05:00  INFO 34692 --- [           main] o.s.t.web.servlet.TestDispatcherServlet  : Initializing Servlet ''
2023-10-19T17:39:10.661-05:00  INFO 34692 --- [           main] o.s.b.a.e.web.EndpointLinksResolver      : Exposing 1 endpoint(s) beneath base path '/actuator'
2023-10-19T17:39:10.679-05:00  INFO 34692 --- [           main] o.s.t.web.servlet.TestDispatcherServlet  : Completed initialization in 22 ms
2023-10-19T17:39:10.775-05:00  INFO 34692 --- [           main] c.d.p.designpatterns.SingletonTest       : Started SingletonTest in 7.593 seconds (process running for 8.568)
]]></system-out>
  </testcase>
  <testcase name="getMoneyTest" classname="com.dcp.portone.designpatterns.SingletonTest" time="0.012"/>
  <testcase name="getBalanceTest" classname="com.dcp.portone.designpatterns.SingletonTest" time="0.007"/>
</testsuite>